app/mapping.txt
com.hx.umengdemo.BaseActivity -> com.hx.umengdemo.a:
    10:10:void <init>() -> <init>
    13:15:void onResume() -> onResume
    19:21:void onPause() -> onPause
com.hx.umengdemo.BuildConfig -> com.hx.umengdemo.b:
    boolean DEBUG -> a
    java.lang.String APPLICATION_ID -> b
    java.lang.String BUILD_TYPE -> c
    java.lang.String FLAVOR -> d
    int VERSION_CODE -> e
    java.lang.String VERSION_NAME -> f
    boolean LOG_DEBUG -> g
    6:6:void <init>() -> <init>
com.hx.umengdemo.MainActivity -> com.hx.umengdemo.MainActivity:
    com.umeng.socialize.controller.UMSocialService mController -> m
    android.widget.Button share -> share
    42:45:void <init>() -> <init>
    52:58:void onCreate(android.os.Bundle) -> onCreate
    62:67:void onClick(android.view.View) -> onClick
    70:71:void share() -> o
    79:93:void configPlatforms(android.app.Activity) -> a
    102:112:void addWXPlatform(android.content.Context) -> a
    122:133:void addQQQZonePlatform(android.app.Activity) -> b
    142:302:void setShareContent(android.app.Activity) -> c
com.hx.umengdemo.MainActivity$$ViewBinder -> com.hx.umengdemo.MainActivity$$ViewBinder:
    8:8:void <init>() -> <init>
    11:21:void bind(butterknife.ButterKnife$Finder,com.hx.umengdemo.MainActivity,java.lang.Object) -> bind
    24:25:void unbind(com.hx.umengdemo.MainActivity) -> unbind
    8:8:void unbind(java.lang.Object) -> unbind
    8:8:void bind(butterknife.ButterKnife$Finder,java.lang.Object,java.lang.Object) -> bind
com.hx.umengdemo.MainActivity$$ViewBinder$1 -> com.hx.umengdemo.c:
    com.hx.umengdemo.MainActivity val$target -> a
    com.hx.umengdemo.MainActivity$$ViewBinder this$0 -> b
    14:14:void <init>(com.hx.umengdemo.MainActivity$$ViewBinder,com.hx.umengdemo.MainActivity) -> <init>
    18:19:void doClick(android.view.View) -> doClick
com.hx.umengdemo.R -> com.hx.umengdemo.R:
    10:2851:void <init>() -> <init>
com.hx.umengdemo.R$anim -> com.hx.umengdemo.R$anim:
    int abc_fade_in -> abc_fade_in
    int abc_fade_out -> abc_fade_out
    int abc_grow_fade_in_from_bottom -> abc_grow_fade_in_from_bottom
    int abc_popup_enter -> abc_popup_enter
    int abc_popup_exit -> abc_popup_exit
    int abc_shrink_fade_out_from_bottom -> abc_shrink_fade_out_from_bottom
    int abc_slide_in_bottom -> abc_slide_in_bottom
    int abc_slide_in_top -> abc_slide_in_top
    int abc_slide_out_bottom -> abc_slide_out_bottom
    int abc_slide_out_top -> abc_slide_out_top
    int shake_umeng_socialize_cycle_5 -> shake_umeng_socialize_cycle_5
    int shake_umeng_socialize_dlg_alpha -> shake_umeng_socialize_dlg_alpha
    int shake_umeng_socialize_dlg_scale -> shake_umeng_socialize_dlg_scale
    int shake_umeng_socialize_edit_anim -> shake_umeng_socialize_edit_anim
    int shake_umeng_socialize_imageview_rotate -> shake_umeng_socialize_imageview_rotate
    int shake_umeng_socialize_scrshot_dlg -> shake_umeng_socialize_scrshot_dlg
    int umeng_socialize_fade_in -> umeng_socialize_fade_in
    int umeng_socialize_fade_out -> umeng_socialize_fade_out
    int umeng_socialize_shareboard_animation_in -> umeng_socialize_shareboard_animation_in
    int umeng_socialize_shareboard_animation_out -> umeng_socialize_shareboard_animation_out
    int umeng_socialize_slide_in_from_bottom -> umeng_socialize_slide_in_from_bottom
    int umeng_socialize_slide_out_from_bottom -> umeng_socialize_slide_out_from_bottom
...
android.support.v4.text.TextDirectionHeuristicsCompat$FirstStrong -> android.support.v4.o.f$b:
    android.support.v4.text.TextDirectionHeuristicsCompat$FirstStrong INSTANCE -> a
    183:187:int checkRtl(java.lang.CharSequence,int,int) -> a
    190:191:void <init>() -> <init>
    193:193:void <clinit>() -> <clinit>
android.support.v4.text.TextDirectionHeuristicsCompat$TextDirectionAlgorithm -> android.support.v4.o.f$c:
    int checkRtl(java.lang.CharSequence,int,int) -> a
android.support.v4.text.TextDirectionHeuristicsCompat$TextDirectionHeuristicImpl -> android.support.v4.o.f$d:
    android.support.v4.text.TextDirectionHeuristicsCompat$TextDirectionAlgorithm mAlgorithm -> a
    114:116:void <init>(android.support.v4.text.TextDirectionHeuristicsCompat$TextDirectionAlgorithm) -> <init>
    boolean defaultIsRtl() -> a
    125:125:boolean isRtl(char[],int,int) -> a
    130:136:boolean isRtl(java.lang.CharSequence,int,int) -> a
    140:146:boolean doCheck(java.lang.CharSequence,int,int) -> b
android.support.v4.text.TextDirectionHeuristicsCompat$TextDirectionHeuristicInternal -> android.support.v4.o.f$e:
    boolean mDefaultIsRtl -> a
    156:158:void <init>(android.support.v4.text.TextDirectionHeuristicsCompat$TextDirectionAlgorithm,boolean) -> <init>
    162:162:boolean defaultIsRtl() -> a
    151:151:void <init>(android.support.v4.text.TextDirectionHeuristicsCompat$TextDirectionAlgorithm,boolean,android.support.v4.text.TextDirectionHeuristicsCompat$1) -> <init>
android.support.v4.text.TextDirectionHeuristicsCompat$TextDirectionHeuristicLocale -> android.support.v4.o.f$f:
    android.support.v4.text.TextDirectionHeuristicsCompat$TextDirectionHeuristicLocale INSTANCE -> a
    245:246:void <init>() -> <init>
    250:251:boolean defaultIsRtl() -> a
    254:254:void <clinit>() -> <clinit>
android.support.v4.text.TextUtilsCompat -> android.support.v4.o.g:
    android.support.v4.text.TextUtilsCompat$TextUtilsCompatImpl IMPL -> b
    java.util.Locale ROOT -> a
    java.lang.String ARAB_SCRIPT_SUBTAG -> c
    java.lang.String HEBR_SCRIPT_SUBTAG -> d
    26:100:void <init>() -> <init>
    129:129:java.lang.String htmlEncode(java.lang.String) -> a
    143:143:int getLayoutDirectionFromLocale(java.util.Locale) -> a
    26:26:java.lang.String access$000() -> a
    26:26:java.lang.String access$100() -> b
    114:149:void <clinit>() -> <clinit>
android.support.v4.text.TextUtilsCompat$1 -> android.support.v4.o.g$1:
android.support.v4.text.TextUtilsCompat$TextUtilsCompatImpl -> android.support.v4.o.g$a:
    27:27:void <init>() -> <init>
    30:59:java.lang.String htmlEncode(java.lang.String) -> a
    63:72:int getLayoutDirectionFromLocale(java.util.Locale) -> a
    88:95:int getLayoutDirectionFromFirstChar(java.util.Locale) -> b
    27:27:void <init>(android.support.v4.text.TextUtilsCompat$1) -> <init>
android.support.v4.text.TextUtilsCompat$TextUtilsCompatJellybeanMr1Impl -> android.support.v4.o.g$b:
    100:100:void <init>() -> <init>
    103:103:java.lang.String htmlEncode(java.lang.String) -> a
    108:108:int getLayoutDirectionFromLocale(java.util.Locale) -> a
    100:100:void <init>(android.support.v4.text.TextUtilsCompat$1) -> <init>
android.support.v4.text.TextUtilsCompatJellybeanMr1 -> android.support.v4.o.h:
    28:28:void <init>() -> <init>
    31:31:java.lang.String htmlEncode(java.lang.String) -> a
    35:35:int getLayoutDirectionFromLocale(java.util.Locale) -> a